<?xml version="1.0" encoding="UTF-8"?>
<testsuites tests="2" failures="0" disabled="0" errors="0" timestamp="2018-07-12T10:35:41" time="0.03" name="AllTests">
  <testsuite name="load_moveit_plugin_test" tests="2" failures="0" disabled="0" errors="0" time="0.028">
    <testcase name="load_plugin" status="run" time="0.025" classname="load_moveit_plugin_test" />
    <testcase name="empty_joint_and_link_names" status="run" time="0.002" classname="load_moveit_plugin_test" />
  </testsuite>
</testsuites>
