<?xml version="1.0" encoding="UTF-8"?>
<testsuites tests="2" failures="0" disabled="0" errors="0" timestamp="2018-07-11T21:10:18" time="0.519" name="AllTests">
  <testsuite name="mrx_t4_arm_kinematics_moveit" tests="2" failures="0" disabled="0" errors="0" time="0.519">
    <testcase name="get_position_ik_fails_on_wrong_seed" status="run" time="0.286" classname="mrx_t4_arm_kinematics_moveit" />
    <testcase name="find_solution_for_candle_configuration" status="run" time="0.233" classname="mrx_t4_arm_kinematics_moveit" />
  </testsuite>
</testsuites>
