<?xml version="1.0" encoding="UTF-8"?>
<testsuites tests="4" failures="0" disabled="0" errors="0" timestamp="2018-06-29T09:33:35" time="0" name="AllTests">
  <testsuite name="configuration_comparator" tests="4" failures="0" disabled="0" errors="0" time="0">
    <testcase name="throw_when_vectors_have_different_size" status="run" time="0" classname="configuration_comparator" />
    <testcase name="compare_vectors_with_one_element" status="run" time="0" classname="configuration_comparator" />
    <testcase name="compare_vectors_with_two_elements" status="run" time="0" classname="configuration_comparator" />
    <testcase name="compare_vectors_with_two_elements_and_reference" status="run" time="0" classname="configuration_comparator" />
  </testsuite>
</testsuites>
