<?xml version="1.0" encoding="UTF-8"?>
<testsuite tests="1" failures="1" time="1" errors="0" name="gtest-mrx_t4_arm_kinematics_moveit_test.xml">
  <testcase name="test_ran" status="run" time="1" classname="Results">
    <failure message="Unable to find test results for gtest-mrx_t4_arm_kinematics_moveit_test.xml, test did not run.
Expected results in /home/jyk/catkin_ws/build/test_results/mrx_t4_arm_kinematics_moveit/gtest-mrx_t4_arm_kinematics_moveit_test.xml" type=""/>
  </testcase>
</testsuite>